<?xml version="1.0" encoding="UTF-8" ?>
<testsuite failures="0" time="0.065" errors="0" skipped="0" tests="4" name="org.jamwiki.parser.image.ImageUtilTest">
  <properties>
[...]
</properties>
  <testcase time="0.003" classname="org.jamwiki.parser.image.ImageUtilTest" name="testBuildImageFileDocrootUrl"/>
  <testcase time="0.06" classname="org.jamwiki.parser.image.ImageUtilTest" name="testBuildImageLinkHtml"/>
  <testcase time="0" classname="org.jamwiki.parser.image.ImageUtilTest" name="testBuildImageDefaultUrl"/>
  <testcase time="0.001" classname="org.jamwiki.parser.image.ImageUtilTest" name="testBuildImageDatabaseUrl"/>
</testsuite>